0 info it worked if it ends with ok
1 verbose cli [ '/usr/local/Cellar/node/5.0.0/bin/node',
1 verbose cli   '/usr/local/bin/npm',
1 verbose cli   'publish' ]
2 info using npm@2.10.1
3 info using node@v5.0.0
4 verbose publish [ '.' ]
5 silly cache add args [ '.', null ]
6 verbose cache add spec .
7 silly cache add parsed spec Result {
7 silly cache add   raw: '.',
7 silly cache add   scope: null,
7 silly cache add   name: null,
7 silly cache add   rawSpec: '.',
7 silly cache add   spec: '/Users/nevernew/aihang/trepang/node_modules/wx-mp-api',
7 silly cache add   type: 'directory' }
8 verbose addLocalDirectory /Users/nevernew/.npm/wx-mp-api/0.2.4/package.tgz not in flight; packing
9 verbose tar pack [ '/Users/nevernew/.npm/wx-mp-api/0.2.4/package.tgz',
9 verbose tar pack   '/Users/nevernew/aihang/trepang/node_modules/wx-mp-api' ]
10 verbose tarball /Users/nevernew/.npm/wx-mp-api/0.2.4/package.tgz
11 verbose folder /Users/nevernew/aihang/trepang/node_modules/wx-mp-api
12 info prepublish wx-mp-api@0.2.4
13 verbose addLocalTarball adding from inside cache /Users/nevernew/.npm/wx-mp-api/0.2.4/package.tgz
14 silly cache afterAdd wx-mp-api@0.2.4
15 verbose afterAdd /Users/nevernew/.npm/wx-mp-api/0.2.4/package/package.json not in flight; writing
16 verbose afterAdd /Users/nevernew/.npm/wx-mp-api/0.2.4/package/package.json written
17 silly publish { name: 'wx-mp-api',
17 silly publish   version: '0.2.4',
17 silly publish   description: 'A library for Node.js app access WeChat/Weixin MP platform service.',
17 silly publish   main: 'index.js',
17 silly publish   scripts: { test: 'echo "Error: no test specified" && exit 1' },
17 silly publish   repository:
17 silly publish    { type: 'git',
17 silly publish      url: 'git+https://github.com/Changdao/wx-mp-api.git' },
17 silly publish   keywords: [ 'Node.js', 'backend', 'WeChat', 'MP', 'API', 'Developent' ],
17 silly publish   author: { name: 'Changdao' },
17 silly publish   license: 'MIT',
17 silly publish   bugs: { url: 'https://github.com/Changdao/wx-mp-api/issues' },
17 silly publish   homepage: 'https://github.com/Changdao/wx-mp-api#readme',
17 silly publish   dependencies: { bluebird: '^3.4.6' },
17 silly publish   readme: '# wx-mp-api\n\n[![npm](https://img.shields.io/badge/downloads-69%2Fmonth-green.svg)](https://www.npmjs.com/package/wx-mp-api)\n[![License](https://img.shields.io/badge/license-MIT-gree.svg)](https://github.com/Changdao/wx-mp-api/blob/master/LICENSE)\n\nwx-mp-api is an interface for node.js to access WeChat MP platform service. wx-mp-api utilize Bluebird to support promise.\n\n##Install \n\n    npm install wx-mp-api\n\n##Usage\n\nCreate instance: \n<pre>    \n    /*\n        create the WXAPI instance in your node.js server side. \n    */\n    var WXAPI = require(\'wx-mp-api\');\n    var wxapi = new WXAPI({\n        appId:"you-appid-get-from-WeChat-mp-account",\n        secret:"you-secret-get-from-WeChat-mp-account",\n\t    mptoken:"you-token-set-for-wechat-mp",\n\t    refreshInterval:3600000   //option to control the wechat token refresh interval, default 1 hour. Equal or less than 0 indicate that the WXAPI disable automatic update token.\n        });\n</pre>\n\nAn example for Express:\n <pre>\n    /*\n    * the Node.js/Express side. \n    */\n    router.get(\'/wxconfig\',function(req,res){\n            var url = req.headers.referrer;\n            res.send(wxapi.buildWXPageAPIConfig(url));\n    }\n </pre>\n <pre>\n    /*\n    * the Client Side\n    */\n    $.get(\'/wxconfig\',function(obj){\n        wx.config(obj);\n        wx.ready(function()\n           {\n               //alert(\'bind address ready\');\n               wx.openAddress(\n                   {\n                    //...\n                   });\n        });\n    });\n </pre>\n        \n\n\n##Methods\n###<strong>buildWXPageAPIConfig(url)</strong>\n    While JavaScript in page try to call WeChat/Wexin bridge, \n    WeChat should verify the page privilege, this method build an object\n    to pass to the front, then wx.config can accept it.\n    return:\n        {\n            "noncestr": "1QNBVBx2u02AGQ0HO1lOeEuggQeYID2e",\n            "timestamp": "1476328755",\n            "signature": "03a4...",\n            "appId": "******...",\n            "jsApiList": ["checkJsApi", "openAddress"]\n        }\n\n\n###<strong>verifySite(signature,timestamp,nonce);</strong>\n    When operator config WeChat MP development association\n     to a web site, WeChat will send an request to the site, the Site \n    should verrify the request and response a echo str, this method is \n    for convinient.\n    Usage(for Express):\n        router.get(\'/verify\',function(req,res){\n             return verifySite(req.query.signature,req.query.timestamp,req.query.nonce)?req.query.echostr:\'\';\n\t});\n    \n###<strong>buildWXAuthURL(url,method)</strong>\n    method could be \'sns_base\' or \'sns_userinfo\'\n\n###requreUserInfo()\n    Retrieve the user information.\n    \n###requreOpenId(code)\n    WeChat only pass "code" as a query param to web app, app should retrieve the \n    user infomation from WeChat through WeChat service reqeust.\n\n###requestQRTicket\n    Sometime, app want to generate QR code, WeChat provice a service to help it.\n    This method is used by requestQR.\n\n###requestQR\n    Generate QR through WeChat service.\n    \n###createMenu\n    WeChat MP support customized menu, this is the interface to create it.\n\n## Todo:\n   ### support more interfaces\n       If you need more interface, please let me know.\n',
17 silly publish   readmeFilename: 'README.md',
17 silly publish   gitHead: '437f0526822740d96a774665b08b5fbb683381b1',
17 silly publish   _id: 'wx-mp-api@0.2.4',
17 silly publish   _shasum: 'fc4c626a90ead3c2822eca165e06851e86ac4595',
17 silly publish   _from: '.' }
18 verbose getPublishConfig undefined
19 silly mapToRegistry name wx-mp-api
20 silly mapToRegistry using default registry
21 silly mapToRegistry registry http://registry.npmjs.org/
22 silly mapToRegistry uri http://registry.npmjs.org/wx-mp-api
23 verbose publish registryBase http://registry.npmjs.org/
24 silly publish uploading /Users/nevernew/.npm/wx-mp-api/0.2.4/package.tgz
25 verbose request uri http://registry.npmjs.org/wx-mp-api
26 verbose request sending authorization for write operation
27 info attempt registry request try #1 at 15:02:08
28 verbose request using bearer token for auth
29 verbose request id cf2a8d41de941061
30 http request PUT http://registry.npmjs.org/wx-mp-api
31 http 403 http://registry.npmjs.org/wx-mp-api
32 verbose headers { 'content-type': 'application/json',
32 verbose headers   'cache-control': 'max-age=300',
32 verbose headers   'content-length': '95',
32 verbose headers   'accept-ranges': 'bytes',
32 verbose headers   date: 'Thu, 13 Oct 2016 07:01:15 GMT',
32 verbose headers   via: '1.1 varnish',
32 verbose headers   connection: 'keep-alive',
32 verbose headers   'x-served-by': 'cache-lax8645-LAX',
32 verbose headers   'x-cache': 'MISS',
32 verbose headers   'x-cache-hits': '0',
32 verbose headers   'x-timer': 'S1476342075.343519,VS0,VE575',
32 verbose headers   vary: 'Accept-Encoding' }
33 verbose request invalidating /Users/nevernew/.npm/registry.npmjs.org/wx-mp-api on PUT
34 error publish Failed PUT 403
35 verbose stack Error: "You cannot publish over the previously published version 0.2.4." : wx-mp-api
35 verbose stack     at CachingRegistryClient.<anonymous> (/usr/local/lib/node_modules/npm/node_modules/npm-registry-client/lib/request.js:247:14)
35 verbose stack     at Request._callback (/usr/local/lib/node_modules/npm/node_modules/npm-registry-client/lib/request.js:170:14)
35 verbose stack     at Request.self.callback (/usr/local/lib/node_modules/npm/node_modules/request/request.js:368:22)
35 verbose stack     at emitTwo (events.js:87:13)
35 verbose stack     at Request.emit (events.js:172:7)
35 verbose stack     at Request.<anonymous> (/usr/local/lib/node_modules/npm/node_modules/request/request.js:1219:14)
35 verbose stack     at emitOne (events.js:82:20)
35 verbose stack     at Request.emit (events.js:169:7)
35 verbose stack     at IncomingMessage.<anonymous> (/usr/local/lib/node_modules/npm/node_modules/request/request.js:1167:12)
35 verbose stack     at emitNone (events.js:72:20)
36 verbose statusCode 403
37 verbose pkgid wx-mp-api
38 verbose cwd /Users/nevernew/aihang/trepang/node_modules/wx-mp-api
39 error Darwin 15.6.0
40 error argv "/usr/local/Cellar/node/5.0.0/bin/node" "/usr/local/bin/npm" "publish"
41 error node v5.0.0
42 error npm  v2.10.1
43 error code E403
44 error "You cannot publish over the previously published version 0.2.4." : wx-mp-api
45 error If you need help, you may report this error at:
45 error     <https://github.com/npm/npm/issues>
46 verbose exit [ 1, true ]
